[2021-07-09 17:17:58,920][__main__][INFO] - Sequence length: 80
[2021-07-09 17:17:58,920][__main__][INFO] - Device: 0
[2021-07-09 17:17:58,920][__main__][INFO] - Batch size: 32
[2021-07-09 17:18:20,562][__main__][INFO] - Criterion is set to ccc
[2021-07-09 17:18:20,562][__main__][INFO] - Start training...
[2021-07-09 18:49:23,460][__main__][INFO] - Current learning rate: 0.0001
[2021-07-09 18:49:23,463][__main__][INFO] - Epoch 1 - Avg_train_loss: 0.7919 time: 5463s
[2021-07-09 18:49:23,463][__main__][INFO] - Epoch: 1 - Val_valence: 0.1646 - Val_arousal: 0.1343
[2021-07-09 20:20:19,768][__main__][INFO] - Current learning rate: 0.0001
[2021-07-09 20:20:19,771][__main__][INFO] - Epoch 2 - Avg_train_loss: 0.6532 time: 5456s
[2021-07-09 20:20:19,771][__main__][INFO] - Epoch: 2 - Val_valence: 0.0960 - Val_arousal: 0.1536
[2021-07-09 21:51:14,858][__main__][INFO] - Current learning rate: 0.0001
[2021-07-09 21:51:14,861][__main__][INFO] - Epoch 3 - Avg_train_loss: 0.6015 time: 5455s
[2021-07-09 21:51:14,861][__main__][INFO] - Epoch: 3 - Val_valence: 0.1422 - Val_arousal: 0.1640
[2021-07-09 23:22:08,178][__main__][INFO] - Current learning rate: 0.0001
[2021-07-09 23:22:08,181][__main__][INFO] - Epoch 4 - Avg_train_loss: 0.5772 time: 5453s
[2021-07-09 23:22:08,182][__main__][INFO] - Epoch: 4 - Val_valence: 0.1118 - Val_arousal: 0.2079
[2021-07-10 00:53:00,768][__main__][INFO] - Current learning rate: 0.0001
[2021-07-10 00:53:00,771][__main__][INFO] - Epoch 5 - Avg_train_loss: 0.5426 time: 5452s
[2021-07-10 00:53:00,771][__main__][INFO] - Epoch: 5 - Val_valence: 0.1552 - Val_arousal: 0.1644
[2021-07-10 02:23:55,976][__main__][INFO] - Current learning rate: 0.0001
[2021-07-10 02:23:55,980][__main__][INFO] - Epoch 6 - Avg_train_loss: 0.5020 time: 5455s
[2021-07-10 02:23:55,980][__main__][INFO] - Epoch: 6 - Val_valence: 0.1194 - Val_arousal: 0.1979
[2021-07-10 03:54:45,504][__main__][INFO] - Current learning rate: 0.0001
[2021-07-10 03:54:45,508][__main__][INFO] - Epoch 7 - Avg_train_loss: 0.5610 time: 5449s
[2021-07-10 03:54:45,508][__main__][INFO] - Epoch: 7 - Val_valence: 0.1298 - Val_arousal: 0.2141
[2021-07-10 05:25:33,527][__main__][INFO] - Current learning rate: 0.0001
[2021-07-10 05:25:33,530][__main__][INFO] - Epoch 8 - Avg_train_loss: 0.4933 time: 5447s
[2021-07-10 05:25:33,530][__main__][INFO] - Epoch: 8 - Val_valence: 0.1849 - Val_arousal: 0.2301
[2021-07-10 06:56:20,509][__main__][INFO] - Current learning rate: 0.0001
[2021-07-10 06:56:20,512][__main__][INFO] - Epoch 9 - Avg_train_loss: 0.4893 time: 5446s
[2021-07-10 06:56:20,512][__main__][INFO] - Epoch: 9 - Val_valence: 0.1695 - Val_arousal: 0.2083
[2021-07-10 08:27:12,413][__main__][INFO] - Current learning rate: 0.0001
[2021-07-10 08:27:12,418][__main__][INFO] - Epoch 10 - Avg_train_loss: 0.4368 time: 5451s
[2021-07-10 08:27:12,418][__main__][INFO] - Epoch: 10 - Val_valence: 0.1797 - Val_arousal: 0.1929
[2021-07-10 09:58:10,199][__main__][INFO] - Current learning rate: 0.0001
[2021-07-10 09:58:10,202][__main__][INFO] - Epoch 11 - Avg_train_loss: 0.4264 time: 5457s
[2021-07-10 09:58:10,203][__main__][INFO] - Epoch: 11 - Val_valence: 0.1825 - Val_arousal: 0.2187
[2021-07-10 11:29:17,976][__main__][INFO] - Current learning rate: 0.0001
[2021-07-10 11:29:17,980][__main__][INFO] - Epoch 12 - Avg_train_loss: 0.4150 time: 5467s
[2021-07-10 11:29:17,980][__main__][INFO] - Epoch: 12 - Val_valence: 0.1454 - Val_arousal: 0.2095
[2021-07-10 13:00:23,535][__main__][INFO] - Current learning rate: 0.0001
[2021-07-10 13:00:23,539][__main__][INFO] - Epoch 13 - Avg_train_loss: 0.4132 time: 5465s
[2021-07-10 13:00:23,539][__main__][INFO] - Epoch: 13 - Val_valence: 0.1744 - Val_arousal: 0.2255
[2021-07-10 14:31:24,826][__main__][INFO] - Current learning rate: 0.0001
[2021-07-10 14:31:24,829][__main__][INFO] - Epoch 14 - Avg_train_loss: 0.3898 time: 5461s
[2021-07-10 14:31:24,829][__main__][INFO] - Epoch: 14 - Val_valence: 0.1882 - Val_arousal: 0.2002
[2021-07-10 16:02:30,698][__main__][INFO] - Current learning rate: 0.0001
[2021-07-10 16:02:30,702][__main__][INFO] - Epoch 15 - Avg_train_loss: 0.3844 time: 5465s
[2021-07-10 16:02:30,703][__main__][INFO] - Epoch: 15 - Val_valence: 0.1218 - Val_arousal: 0.1925
