[2021-08-20 18:28:08,296][__main__][INFO] - Sequence length: 80
[2021-08-20 18:28:08,297][__main__][INFO] - Device: 0
[2021-08-20 18:28:08,297][__main__][INFO] - Batch size: 32
[2021-08-20 18:28:08,297][__main__][INFO] - Input size: 224
[2021-08-20 18:30:14,600][__main__][INFO] - Criterion is set to ccc
[2021-08-20 18:30:14,600][__main__][INFO] - Start training...
[2021-08-20 18:30:14,600][__main__][INFO] - Current learning rate: 0.0001
[2021-08-20 20:18:35,883][__main__][INFO] - Epoch 1 - Avg_train_loss: 0.8141 time: 6501s
[2021-08-20 20:18:35,890][__main__][INFO] - Epoch: 1 - Val_valence: 0.0687 - Val_arousal: 0.1224
[2021-08-20 20:18:36,438][__main__][INFO] - Current learning rate: 9e-05
[2021-08-20 22:06:34,865][__main__][INFO] - Epoch 2 - Avg_train_loss: 0.6470 time: 6478s
[2021-08-20 22:06:34,865][__main__][INFO] - Epoch: 2 - Val_valence: 0.0665 - Val_arousal: 0.1103
[2021-08-20 22:06:35,424][__main__][INFO] - Current learning rate: 8.1e-05
[2021-08-20 23:54:41,247][__main__][INFO] - Epoch 3 - Avg_train_loss: 0.5733 time: 6486s
[2021-08-20 23:54:41,249][__main__][INFO] - Epoch: 3 - Val_valence: 0.0975 - Val_arousal: 0.1979
[2021-08-20 23:54:41,799][__main__][INFO] - Current learning rate: 7.290000000000001e-05
[2021-08-21 01:42:06,446][__main__][INFO] - Epoch 4 - Avg_train_loss: 0.5142 time: 6445s
[2021-08-21 01:42:06,446][__main__][INFO] - Epoch: 4 - Val_valence: 0.0352 - Val_arousal: 0.1567
[2021-08-21 01:42:06,998][__main__][INFO] - Current learning rate: 6.561000000000002e-05
[2021-08-21 03:28:47,981][__main__][INFO] - Epoch 5 - Avg_train_loss: 0.4751 time: 6401s
[2021-08-21 03:28:47,988][__main__][INFO] - Epoch: 5 - Val_valence: 0.1245 - Val_arousal: 0.1865
[2021-08-21 03:28:48,540][__main__][INFO] - Current learning rate: 5.904900000000002e-05
[2021-08-21 05:15:26,231][__main__][INFO] - Epoch 6 - Avg_train_loss: 0.4472 time: 6398s
[2021-08-21 05:15:26,231][__main__][INFO] - Epoch: 6 - Val_valence: 0.0811 - Val_arousal: 0.1598
[2021-08-21 05:15:26,785][__main__][INFO] - Current learning rate: 5.314410000000002e-05
[2021-08-21 07:01:56,160][__main__][INFO] - Epoch 7 - Avg_train_loss: 0.4227 time: 6389s
[2021-08-21 07:01:56,167][__main__][INFO] - Epoch: 7 - Val_valence: 0.1579 - Val_arousal: 0.1695
[2021-08-21 07:01:56,718][__main__][INFO] - Current learning rate: 4.782969000000002e-05
[2021-08-21 08:48:27,633][__main__][INFO] - Epoch 8 - Avg_train_loss: 0.4029 time: 6391s
[2021-08-21 08:48:27,633][__main__][INFO] - Epoch: 8 - Val_valence: 0.1322 - Val_arousal: 0.1746
[2021-08-21 08:48:28,188][__main__][INFO] - Current learning rate: 4.304672100000002e-05
[2021-08-21 10:35:26,600][__main__][INFO] - Epoch 9 - Avg_train_loss: 0.3913 time: 6418s
[2021-08-21 10:35:26,600][__main__][INFO] - Epoch: 9 - Val_valence: 0.1343 - Val_arousal: 0.1934
[2021-08-21 10:35:27,166][__main__][INFO] - Current learning rate: 3.874204890000002e-05
[2021-08-21 12:23:09,109][__main__][INFO] - Epoch 10 - Avg_train_loss: 0.3829 time: 6462s
[2021-08-21 12:23:09,109][__main__][INFO] - Epoch: 10 - Val_valence: 0.1427 - Val_arousal: 0.1987
[2021-08-21 12:23:09,662][__main__][INFO] - Current learning rate: 3.4867844010000016e-05
[2021-08-21 14:10:17,478][__main__][INFO] - Epoch 11 - Avg_train_loss: 0.3662 time: 6428s
[2021-08-21 14:10:17,478][__main__][INFO] - Epoch: 11 - Val_valence: 0.0891 - Val_arousal: 0.0822
[2021-08-21 14:10:18,034][__main__][INFO] - Current learning rate: 3.138105960900002e-05
[2021-08-21 15:56:58,029][__main__][INFO] - Epoch 12 - Avg_train_loss: 0.3561 time: 6400s
[2021-08-21 15:56:58,029][__main__][INFO] - Epoch: 12 - Val_valence: 0.1476 - Val_arousal: 0.1333
[2021-08-21 15:56:58,585][__main__][INFO] - Current learning rate: 2.8242953648100018e-05
[2021-08-21 17:43:49,833][__main__][INFO] - Epoch 13 - Avg_train_loss: 0.3473 time: 6411s
[2021-08-21 17:43:49,840][__main__][INFO] - Epoch: 13 - Val_valence: 0.1115 - Val_arousal: 0.1593
[2021-08-21 17:43:50,394][__main__][INFO] - Current learning rate: 2.5418658283290016e-05
[2021-08-21 19:31:00,265][__main__][INFO] - Epoch 14 - Avg_train_loss: 0.3405 time: 6430s
[2021-08-21 19:31:00,265][__main__][INFO] - Epoch: 14 - Val_valence: 0.1332 - Val_arousal: 0.2121
[2021-08-21 19:31:00,820][__main__][INFO] - Current learning rate: 2.2876792454961016e-05
[2021-08-21 21:18:29,102][__main__][INFO] - Epoch 15 - Avg_train_loss: 0.3330 time: 6448s
[2021-08-21 21:18:29,102][__main__][INFO] - Epoch: 15 - Val_valence: 0.1624 - Val_arousal: 0.2191
[2021-08-21 21:18:29,664][__main__][INFO] - Current learning rate: 2.0589113209464913e-05
[2021-08-21 23:06:31,343][__main__][INFO] - Epoch 16 - Avg_train_loss: 0.3234 time: 6482s
[2021-08-21 23:06:31,343][__main__][INFO] - Epoch: 16 - Val_valence: 0.1389 - Val_arousal: 0.2113
[2021-08-21 23:06:31,899][__main__][INFO] - Current learning rate: 1.8530201888518422e-05
[2021-08-22 00:54:05,584][__main__][INFO] - Epoch 17 - Avg_train_loss: 0.3172 time: 6454s
[2021-08-22 00:54:05,584][__main__][INFO] - Epoch: 17 - Val_valence: 0.1519 - Val_arousal: 0.1815
[2021-08-22 00:54:06,142][__main__][INFO] - Current learning rate: 1.667718169966658e-05
[2021-08-22 02:41:41,535][__main__][INFO] - Epoch 18 - Avg_train_loss: 0.3122 time: 6455s
[2021-08-22 02:41:41,535][__main__][INFO] - Epoch: 18 - Val_valence: 0.1549 - Val_arousal: 0.2124
[2021-08-22 02:41:42,090][__main__][INFO] - Current learning rate: 1.5009463529699922e-05
[2021-08-22 04:28:31,391][__main__][INFO] - Epoch 19 - Avg_train_loss: 0.3076 time: 6409s
[2021-08-22 04:28:31,398][__main__][INFO] - Epoch: 19 - Val_valence: 0.1253 - Val_arousal: 0.2121
[2021-08-22 04:28:31,953][__main__][INFO] - Current learning rate: 1.350851717672993e-05
[2021-08-22 06:15:11,289][__main__][INFO] - Epoch 20 - Avg_train_loss: 0.3029 time: 6399s
[2021-08-22 06:15:11,289][__main__][INFO] - Epoch: 20 - Val_valence: 0.1323 - Val_arousal: 0.2104
[2021-08-22 06:15:11,846][__main__][INFO] - Current learning rate: 1.2157665459056937e-05
[2021-08-22 08:01:56,658][__main__][INFO] - Epoch 21 - Avg_train_loss: 0.2998 time: 6405s
[2021-08-22 08:01:56,665][__main__][INFO] - Epoch: 21 - Val_valence: 0.1348 - Val_arousal: 0.1866
[2021-08-22 08:01:57,221][__main__][INFO] - Current learning rate: 1.0941898913151244e-05
[2021-08-22 09:48:36,449][__main__][INFO] - Epoch 22 - Avg_train_loss: 0.2977 time: 6399s
[2021-08-22 09:48:36,449][__main__][INFO] - Epoch: 22 - Val_valence: 0.1338 - Val_arousal: 0.2236
[2021-08-22 09:48:37,009][__main__][INFO] - Current learning rate: 9.84770902183612e-06
[2021-08-22 11:36:17,050][__main__][INFO] - Epoch 23 - Avg_train_loss: 0.2922 time: 6460s
[2021-08-22 11:36:17,051][__main__][INFO] - Epoch: 23 - Val_valence: 0.1434 - Val_arousal: 0.2214
[2021-08-22 11:36:17,619][__main__][INFO] - Current learning rate: 8.862938119652508e-06
[2021-08-22 13:24:02,395][__main__][INFO] - Epoch 24 - Avg_train_loss: 0.2919 time: 6465s
[2021-08-22 13:24:02,395][__main__][INFO] - Epoch: 24 - Val_valence: 0.1565 - Val_arousal: 0.2441
[2021-08-22 13:24:02,958][__main__][INFO] - Current learning rate: 7.976644307687257e-06
[2021-08-22 15:11:57,069][__main__][INFO] - Epoch 25 - Avg_train_loss: 0.2891 time: 6474s
[2021-08-22 15:11:57,076][__main__][INFO] - Epoch: 25 - Val_valence: 0.1546 - Val_arousal: 0.2201
[2021-08-22 15:11:57,652][__main__][INFO] - Current learning rate: 7.1789798769185315e-06
[2021-08-22 17:01:53,266][__main__][INFO] - Epoch 26 - Avg_train_loss: 0.2864 time: 6596s
[2021-08-22 17:01:53,268][__main__][INFO] - Epoch: 26 - Val_valence: 0.1475 - Val_arousal: 0.2263
[2021-08-22 17:01:53,823][__main__][INFO] - Current learning rate: 6.461081889226678e-06
[2021-08-22 18:49:56,590][__main__][INFO] - Epoch 27 - Avg_train_loss: 0.2847 time: 6483s
[2021-08-22 18:49:56,590][__main__][INFO] - Epoch: 27 - Val_valence: 0.1431 - Val_arousal: 0.2164
[2021-08-22 18:49:57,150][__main__][INFO] - Current learning rate: 5.81497370030401e-06
[2021-08-22 20:37:32,778][__main__][INFO] - Epoch 28 - Avg_train_loss: 0.2794 time: 6456s
[2021-08-22 20:37:32,781][__main__][INFO] - Epoch: 28 - Val_valence: 0.1465 - Val_arousal: 0.2330
[2021-08-22 20:37:33,335][__main__][INFO] - Current learning rate: 5.23347633027361e-06
