[2021-06-10 11:57:20,970][__main__][INFO] - Sequence length: 80
[2021-06-10 11:57:20,971][__main__][INFO] - Device: 1
[2021-06-10 11:57:20,971][__main__][INFO] - Batch size: 128
[2021-06-10 11:57:43,871][__main__][INFO] - Start training...
[2021-06-10 12:06:30,386][__main__][INFO] - Current learning rate: 0.001
[2021-06-10 12:06:30,390][__main__][INFO] - Epoch 1 - Avg_train_loss: 0.4959 time: 527s
[2021-06-10 12:06:30,390][__main__][INFO] - Epoch: 1 - Val_valence: 0.0714 - Val_arousal: 0.2667
[2021-06-10 12:15:59,356][__main__][INFO] - Current learning rate: 0.001
[2021-06-10 12:15:59,365][__main__][INFO] - Epoch 2 - Avg_train_loss: 0.3161 time: 569s
[2021-06-10 12:15:59,366][__main__][INFO] - Epoch: 2 - Val_valence: 0.1201 - Val_arousal: 0.2787
[2021-06-10 12:25:21,877][__main__][INFO] - Current learning rate: 0.001
[2021-06-10 12:25:21,881][__main__][INFO] - Epoch 3 - Avg_train_loss: 0.2738 time: 562s
[2021-06-10 12:25:21,881][__main__][INFO] - Epoch: 3 - Val_valence: 0.1398 - Val_arousal: 0.3099
[2021-06-10 12:34:09,667][__main__][INFO] - Current learning rate: 0.001
[2021-06-10 12:34:09,675][__main__][INFO] - Epoch 4 - Avg_train_loss: 0.2497 time: 528s
[2021-06-10 12:34:09,675][__main__][INFO] - Epoch: 4 - Val_valence: 0.1004 - Val_arousal: 0.2934
[2021-06-10 12:42:55,761][__main__][INFO] - Current learning rate: 0.001
[2021-06-10 12:42:55,764][__main__][INFO] - Epoch 5 - Avg_train_loss: 0.2220 time: 526s
[2021-06-10 12:42:55,764][__main__][INFO] - Epoch: 5 - Val_valence: 0.0559 - Val_arousal: 0.2531
[2021-06-10 12:51:41,440][__main__][INFO] - Current learning rate: 0.001
[2021-06-10 12:51:41,443][__main__][INFO] - Epoch 6 - Avg_train_loss: 0.2050 time: 526s
[2021-06-10 12:51:41,443][__main__][INFO] - Epoch: 6 - Val_valence: 0.1182 - Val_arousal: 0.2732
[2021-06-10 13:00:29,335][__main__][INFO] - Current learning rate: 0.001
[2021-06-10 13:00:29,342][__main__][INFO] - Epoch 7 - Avg_train_loss: 0.1929 time: 528s
[2021-06-10 13:00:29,343][__main__][INFO] - Epoch: 7 - Val_valence: 0.0399 - Val_arousal: 0.2759
[2021-06-10 13:10:35,661][__main__][INFO] - Current learning rate: 0.001
[2021-06-10 13:10:35,662][__main__][INFO] - Epoch 8 - Avg_train_loss: 0.1901 time: 606s
[2021-06-10 13:10:35,662][__main__][INFO] - Epoch: 8 - Val_valence: 0.1420 - Val_arousal: 0.2880
[2021-06-10 13:19:10,997][__main__][INFO] - Current learning rate: 0.001
[2021-06-10 13:19:10,997][__main__][INFO] - Epoch 9 - Avg_train_loss: 0.1800 time: 515s
[2021-06-10 13:19:10,997][__main__][INFO] - Epoch: 9 - Val_valence: 0.1332 - Val_arousal: 0.2433
[2021-06-10 13:27:11,404][__main__][INFO] - Current learning rate: 0.001
[2021-06-10 13:27:11,404][__main__][INFO] - Epoch 10 - Avg_train_loss: 0.1702 time: 480s
[2021-06-10 13:27:11,404][__main__][INFO] - Epoch: 10 - Val_valence: 0.1265 - Val_arousal: 0.2615
[2021-06-10 13:35:14,803][__main__][INFO] - Current learning rate: 0.001
[2021-06-10 13:35:14,804][__main__][INFO] - Epoch 11 - Avg_train_loss: 0.1589 time: 483s
[2021-06-10 13:35:14,804][__main__][INFO] - Epoch: 11 - Val_valence: 0.1102 - Val_arousal: 0.2739
[2021-06-10 13:43:14,105][__main__][INFO] - Current learning rate: 0.001
[2021-06-10 13:43:14,106][__main__][INFO] - Epoch 12 - Avg_train_loss: 0.1521 time: 479s
[2021-06-10 13:43:14,106][__main__][INFO] - Epoch: 12 - Val_valence: 0.1000 - Val_arousal: 0.2625
[2021-06-10 13:51:14,619][__main__][INFO] - Current learning rate: 0.001
[2021-06-10 13:51:14,620][__main__][INFO] - Epoch 13 - Avg_train_loss: 0.1500 time: 480s
[2021-06-10 13:51:14,620][__main__][INFO] - Epoch: 13 - Val_valence: 0.0430 - Val_arousal: 0.2784
[2021-06-10 13:59:15,500][__main__][INFO] - Current learning rate: 0.001
[2021-06-10 13:59:15,501][__main__][INFO] - Epoch 14 - Avg_train_loss: 0.1467 time: 481s
[2021-06-10 13:59:15,501][__main__][INFO] - Epoch: 14 - Val_valence: 0.0950 - Val_arousal: 0.2684
[2021-06-10 14:07:16,316][__main__][INFO] - Current learning rate: 0.001
[2021-06-10 14:07:16,316][__main__][INFO] - Epoch 15 - Avg_train_loss: 0.1393 time: 481s
[2021-06-10 14:07:16,316][__main__][INFO] - Epoch: 15 - Val_valence: 0.0947 - Val_arousal: 0.2651
