[2021-06-13 20:07:51,748][__main__][INFO] - Sequence length: 80
[2021-06-13 20:07:51,748][__main__][INFO] - Device: 0
[2021-06-13 20:07:51,748][__main__][INFO] - Batch size: 128
[2021-06-13 20:08:09,028][__main__][INFO] - Criterion is set to mse
[2021-06-13 20:08:09,028][__main__][INFO] - Start training...
[2021-06-13 20:15:12,994][__main__][INFO] - Current learning rate: 0.001
[2021-06-13 20:15:12,994][__main__][INFO] - Epoch 1 - Avg_train_loss: 0.0956 time: 424s
[2021-06-13 20:15:12,994][__main__][INFO] - Epoch: 1 - Val_valence: 0.2066 - Val_arousal: 0.0813
[2021-06-13 20:22:18,116][__main__][INFO] - Current learning rate: 0.001
[2021-06-13 20:22:18,116][__main__][INFO] - Epoch 2 - Avg_train_loss: 0.0751 time: 425s
[2021-06-13 20:22:18,116][__main__][INFO] - Epoch: 2 - Val_valence: 0.1952 - Val_arousal: 0.0778
[2021-06-13 20:29:23,159][__main__][INFO] - Current learning rate: 0.001
[2021-06-13 20:29:23,159][__main__][INFO] - Epoch 3 - Avg_train_loss: 0.0666 time: 425s
[2021-06-13 20:29:23,159][__main__][INFO] - Epoch: 3 - Val_valence: 0.2341 - Val_arousal: 0.0719
[2021-06-13 20:36:28,147][__main__][INFO] - Current learning rate: 0.001
[2021-06-13 20:36:28,147][__main__][INFO] - Epoch 4 - Avg_train_loss: 0.0608 time: 425s
[2021-06-13 20:36:28,147][__main__][INFO] - Epoch: 4 - Val_valence: 0.2478 - Val_arousal: 0.0830
[2021-06-13 20:43:32,983][__main__][INFO] - Current learning rate: 0.001
[2021-06-13 20:43:32,984][__main__][INFO] - Epoch 5 - Avg_train_loss: 0.0567 time: 425s
[2021-06-13 20:43:32,984][__main__][INFO] - Epoch: 5 - Val_valence: 0.2481 - Val_arousal: 0.0787
[2021-06-13 20:50:37,907][__main__][INFO] - Current learning rate: 0.001
[2021-06-13 20:50:37,907][__main__][INFO] - Epoch 6 - Avg_train_loss: 0.0531 time: 425s
[2021-06-13 20:50:37,907][__main__][INFO] - Epoch: 6 - Val_valence: 0.2788 - Val_arousal: 0.0911
[2021-06-13 20:57:42,912][__main__][INFO] - Current learning rate: 0.001
[2021-06-13 20:57:42,912][__main__][INFO] - Epoch 7 - Avg_train_loss: 0.0511 time: 425s
[2021-06-13 20:57:42,912][__main__][INFO] - Epoch: 7 - Val_valence: 0.2638 - Val_arousal: 0.0807
[2021-06-13 21:04:47,956][__main__][INFO] - Current learning rate: 0.001
[2021-06-13 21:04:47,956][__main__][INFO] - Epoch 8 - Avg_train_loss: 0.0493 time: 425s
[2021-06-13 21:04:47,956][__main__][INFO] - Epoch: 8 - Val_valence: 0.2084 - Val_arousal: 0.0769
[2021-06-13 21:11:53,471][__main__][INFO] - Current learning rate: 0.001
[2021-06-13 21:11:53,471][__main__][INFO] - Epoch 9 - Avg_train_loss: 0.0477 time: 425s
[2021-06-13 21:11:53,471][__main__][INFO] - Epoch: 9 - Val_valence: 0.2317 - Val_arousal: 0.0804
[2021-06-13 21:18:59,248][__main__][INFO] - Current learning rate: 0.001
[2021-06-13 21:18:59,248][__main__][INFO] - Epoch 10 - Avg_train_loss: 0.0467 time: 426s
[2021-06-13 21:18:59,248][__main__][INFO] - Epoch: 10 - Val_valence: 0.2718 - Val_arousal: 0.0909
[2021-06-13 21:26:04,723][__main__][INFO] - Current learning rate: 0.001
[2021-06-13 21:26:04,723][__main__][INFO] - Epoch 11 - Avg_train_loss: 0.0450 time: 425s
[2021-06-13 21:26:04,723][__main__][INFO] - Epoch: 11 - Val_valence: 0.2682 - Val_arousal: 0.0791
[2021-06-13 21:33:10,148][__main__][INFO] - Current learning rate: 0.001
[2021-06-13 21:33:10,148][__main__][INFO] - Epoch 12 - Avg_train_loss: 0.0431 time: 425s
[2021-06-13 21:33:10,148][__main__][INFO] - Epoch: 12 - Val_valence: 0.2981 - Val_arousal: 0.0865
[2021-06-13 21:40:15,482][__main__][INFO] - Current learning rate: 0.001
[2021-06-13 21:40:15,483][__main__][INFO] - Epoch 13 - Avg_train_loss: 0.0427 time: 425s
[2021-06-13 21:40:15,483][__main__][INFO] - Epoch: 13 - Val_valence: 0.2686 - Val_arousal: 0.0779
[2021-06-13 21:47:20,736][__main__][INFO] - Current learning rate: 0.001
[2021-06-13 21:47:20,737][__main__][INFO] - Epoch 14 - Avg_train_loss: 0.0407 time: 425s
[2021-06-13 21:47:20,737][__main__][INFO] - Epoch: 14 - Val_valence: 0.2754 - Val_arousal: 0.0859
[2021-06-13 21:54:26,040][__main__][INFO] - Current learning rate: 0.001
[2021-06-13 21:54:26,040][__main__][INFO] - Epoch 15 - Avg_train_loss: 0.0394 time: 425s
[2021-06-13 21:54:26,040][__main__][INFO] - Epoch: 15 - Val_valence: 0.2077 - Val_arousal: 0.0772
