[2021-08-15 00:08:27,053][__main__][INFO] - Sequence length: 80
[2021-08-15 00:08:27,053][__main__][INFO] - Device: 0
[2021-08-15 00:08:27,053][__main__][INFO] - Batch size: 32
[2021-08-15 00:08:27,053][__main__][INFO] - Input size: 224
[2021-08-15 00:10:40,109][__main__][INFO] - Criterion is set to ccc
[2021-08-15 00:10:40,109][__main__][INFO] - Start training...
[2021-08-15 00:10:40,109][__main__][INFO] - Current learning rate: 0.0001
[2021-08-15 01:54:32,499][__main__][INFO] - Epoch 1 - Avg_train_loss: 0.7498 time: 6232s
[2021-08-15 01:54:32,500][__main__][INFO] - Epoch: 1 - Val_valence: 0.1083 - Val_arousal: 0.0785
[2021-08-15 01:54:33,065][__main__][INFO] - Current learning rate: 9e-05
[2021-08-15 03:38:24,173][__main__][INFO] - Epoch 2 - Avg_train_loss: 0.5633 time: 6231s
[2021-08-15 03:38:24,173][__main__][INFO] - Epoch: 2 - Val_valence: 0.0392 - Val_arousal: 0.1197
[2021-08-15 03:38:24,744][__main__][INFO] - Current learning rate: 8.1e-05
[2021-08-15 05:22:17,169][__main__][INFO] - Epoch 3 - Avg_train_loss: 0.4913 time: 6232s
[2021-08-15 05:22:17,171][__main__][INFO] - Epoch: 3 - Val_valence: 0.0950 - Val_arousal: 0.1895
[2021-08-15 05:22:17,741][__main__][INFO] - Current learning rate: 7.290000000000001e-05
[2021-08-15 07:06:11,995][__main__][INFO] - Epoch 4 - Avg_train_loss: 0.4489 time: 6234s
[2021-08-15 07:06:11,996][__main__][INFO] - Epoch: 4 - Val_valence: 0.1451 - Val_arousal: 0.1955
[2021-08-15 07:06:12,568][__main__][INFO] - Current learning rate: 6.561000000000002e-05
[2021-08-15 08:50:13,651][__main__][INFO] - Epoch 5 - Avg_train_loss: 0.4202 time: 6241s
[2021-08-15 08:50:13,651][__main__][INFO] - Epoch: 5 - Val_valence: 0.1063 - Val_arousal: 0.1991
[2021-08-15 08:50:14,218][__main__][INFO] - Current learning rate: 5.904900000000002e-05
[2021-08-15 10:34:08,923][__main__][INFO] - Epoch 6 - Avg_train_loss: 0.3916 time: 6235s
[2021-08-15 10:34:08,923][__main__][INFO] - Epoch: 6 - Val_valence: 0.1378 - Val_arousal: 0.2123
[2021-08-15 10:34:09,496][__main__][INFO] - Current learning rate: 5.314410000000002e-05
[2021-08-15 12:17:57,074][__main__][INFO] - Epoch 7 - Avg_train_loss: 0.3678 time: 6228s
[2021-08-15 12:17:57,074][__main__][INFO] - Epoch: 7 - Val_valence: 0.1233 - Val_arousal: 0.1852
[2021-08-15 12:17:57,636][__main__][INFO] - Current learning rate: 4.782969000000002e-05
[2021-08-15 14:01:16,053][__main__][INFO] - Epoch 8 - Avg_train_loss: 0.3478 time: 6198s
[2021-08-15 14:01:16,060][__main__][INFO] - Epoch: 8 - Val_valence: 0.1060 - Val_arousal: 0.2334
[2021-08-15 14:01:16,621][__main__][INFO] - Current learning rate: 4.304672100000002e-05
[2021-08-15 15:44:49,960][__main__][INFO] - Epoch 9 - Avg_train_loss: 0.3325 time: 6213s
[2021-08-15 15:44:49,961][__main__][INFO] - Epoch: 9 - Val_valence: 0.1468 - Val_arousal: 0.2291
[2021-08-15 15:44:50,534][__main__][INFO] - Current learning rate: 3.874204890000002e-05
[2021-08-15 17:28:20,462][__main__][INFO] - Epoch 10 - Avg_train_loss: 0.3179 time: 6210s
[2021-08-15 17:28:20,464][__main__][INFO] - Epoch: 10 - Val_valence: 0.1383 - Val_arousal: 0.2249
[2021-08-15 17:28:21,034][__main__][INFO] - Current learning rate: 3.4867844010000016e-05
[2021-08-15 19:11:53,398][__main__][INFO] - Epoch 11 - Avg_train_loss: 0.3057 time: 6212s
[2021-08-15 19:11:53,398][__main__][INFO] - Epoch: 11 - Val_valence: 0.1656 - Val_arousal: 0.2385
[2021-08-15 19:11:53,988][__main__][INFO] - Current learning rate: 3.138105960900002e-05
[2021-08-15 20:55:21,343][__main__][INFO] - Epoch 12 - Avg_train_loss: 0.2952 time: 6207s
[2021-08-15 20:55:21,345][__main__][INFO] - Epoch: 12 - Val_valence: 0.1365 - Val_arousal: 0.2324
[2021-08-15 20:55:21,925][__main__][INFO] - Current learning rate: 2.8242953648100018e-05
[2021-08-15 22:38:41,386][__main__][INFO] - Epoch 13 - Avg_train_loss: 0.2889 time: 6199s
[2021-08-15 22:38:41,386][__main__][INFO] - Epoch: 13 - Val_valence: 0.1428 - Val_arousal: 0.2199
[2021-08-15 22:38:41,956][__main__][INFO] - Current learning rate: 2.5418658283290016e-05
[2021-08-16 00:21:47,337][__main__][INFO] - Epoch 14 - Avg_train_loss: 0.2763 time: 6185s
[2021-08-16 00:21:47,337][__main__][INFO] - Epoch: 14 - Val_valence: 0.1476 - Val_arousal: 0.1874
[2021-08-16 00:21:48,016][__main__][INFO] - Current learning rate: 2.2876792454961016e-05
[2021-08-16 02:05:11,167][__main__][INFO] - Epoch 15 - Avg_train_loss: 0.2685 time: 6203s
[2021-08-16 02:05:11,169][__main__][INFO] - Epoch: 15 - Val_valence: 0.1507 - Val_arousal: 0.2362
[2021-08-16 02:05:11,750][__main__][INFO] - Current learning rate: 2.0589113209464913e-05
[2021-08-16 03:48:37,375][__main__][INFO] - Epoch 16 - Avg_train_loss: 0.2591 time: 6206s
[2021-08-16 03:48:37,377][__main__][INFO] - Epoch: 16 - Val_valence: 0.1640 - Val_arousal: 0.2409
[2021-08-16 03:48:37,976][__main__][INFO] - Current learning rate: 1.8530201888518422e-05
[2021-08-16 05:32:06,468][__main__][INFO] - Epoch 17 - Avg_train_loss: 0.2553 time: 6208s
[2021-08-16 05:32:06,470][__main__][INFO] - Epoch: 17 - Val_valence: 0.1563 - Val_arousal: 0.2373
[2021-08-16 05:32:07,053][__main__][INFO] - Current learning rate: 1.667718169966658e-05
[2021-08-16 07:15:40,119][__main__][INFO] - Epoch 18 - Avg_train_loss: 0.2502 time: 6213s
[2021-08-16 07:15:40,120][__main__][INFO] - Epoch: 18 - Val_valence: 0.1595 - Val_arousal: 0.2196
[2021-08-16 07:15:40,702][__main__][INFO] - Current learning rate: 1.5009463529699922e-05
[2021-08-16 08:59:15,344][__main__][INFO] - Epoch 19 - Avg_train_loss: 0.2411 time: 6215s
[2021-08-16 08:59:15,344][__main__][INFO] - Epoch: 19 - Val_valence: 0.1722 - Val_arousal: 0.2300
[2021-08-16 08:59:15,912][__main__][INFO] - Current learning rate: 1.350851717672993e-05
[2021-08-16 10:43:14,126][__main__][INFO] - Epoch 20 - Avg_train_loss: 0.2382 time: 6238s
[2021-08-16 10:43:14,126][__main__][INFO] - Epoch: 20 - Val_valence: 0.1717 - Val_arousal: 0.2564
