[2021-06-07 15:40:58,484][__main__][INFO] - Sequence length: 80
[2021-06-07 15:40:58,484][__main__][INFO] - Device: 0
[2021-06-07 15:40:58,484][__main__][INFO] - Batch size: 128
[2021-06-07 15:41:15,163][__main__][INFO] - Start training...
[2021-06-07 15:46:37,810][__main__][INFO] - Current learning rate: 0.001
[2021-06-07 15:46:37,810][__main__][INFO] - Epoch 1 - Avg_train_loss: 0.6944 time: 323s
[2021-06-07 15:46:37,810][__main__][INFO] - Epoch: 1 - Val_valence: 0.1148 - Val_arousal: 0.2060
[2021-06-07 15:46:37,810][__main__][INFO] - Epoch 1 - Save Best Valence: 0.1148 - Save Best Arousal: 0.2060 Model
[2021-06-07 15:51:58,202][__main__][INFO] - Current learning rate: 0.001
[2021-06-07 15:51:58,203][__main__][INFO] - Epoch 2 - Avg_train_loss: 0.5507 time: 320s
[2021-06-07 15:51:58,203][__main__][INFO] - Epoch: 2 - Val_valence: 0.1042 - Val_arousal: 0.2234
[2021-06-07 15:57:21,322][__main__][INFO] - Current learning rate: 0.001
[2021-06-07 15:57:21,323][__main__][INFO] - Epoch 3 - Avg_train_loss: 0.4982 time: 323s
[2021-06-07 15:57:21,323][__main__][INFO] - Epoch: 3 - Val_valence: 0.0866 - Val_arousal: 0.2138
[2021-06-07 16:02:42,929][__main__][INFO] - Current learning rate: 0.001
[2021-06-07 16:02:42,929][__main__][INFO] - Epoch 4 - Avg_train_loss: 0.4612 time: 322s
[2021-06-07 16:02:42,929][__main__][INFO] - Epoch: 4 - Val_valence: 0.0384 - Val_arousal: 0.2235
[2021-06-07 16:08:05,312][__main__][INFO] - Current learning rate: 0.001
[2021-06-07 16:08:05,312][__main__][INFO] - Epoch 5 - Avg_train_loss: 0.4239 time: 322s
[2021-06-07 16:08:05,312][__main__][INFO] - Epoch: 5 - Val_valence: 0.0920 - Val_arousal: 0.2404
[2021-06-07 16:13:28,273][__main__][INFO] - Current learning rate: 0.001
[2021-06-07 16:13:28,273][__main__][INFO] - Epoch 6 - Avg_train_loss: 0.4016 time: 323s
[2021-06-07 16:13:28,273][__main__][INFO] - Epoch: 6 - Val_valence: 0.0863 - Val_arousal: 0.2679
[2021-06-07 16:18:48,801][__main__][INFO] - Current learning rate: 0.001
[2021-06-07 16:18:48,801][__main__][INFO] - Epoch 7 - Avg_train_loss: 0.3926 time: 321s
[2021-06-07 16:18:48,801][__main__][INFO] - Epoch: 7 - Val_valence: 0.0389 - Val_arousal: 0.2931
[2021-06-07 16:24:10,325][__main__][INFO] - Current learning rate: 0.001
[2021-06-07 16:24:10,325][__main__][INFO] - Epoch 8 - Avg_train_loss: 0.3613 time: 322s
[2021-06-07 16:24:10,325][__main__][INFO] - Epoch: 8 - Val_valence: 0.0308 - Val_arousal: 0.2150
[2021-06-07 16:29:33,961][__main__][INFO] - Current learning rate: 0.001
[2021-06-07 16:29:33,961][__main__][INFO] - Epoch 9 - Avg_train_loss: 0.3415 time: 324s
[2021-06-07 16:29:33,961][__main__][INFO] - Epoch: 9 - Val_valence: 0.0593 - Val_arousal: 0.2334
[2021-06-07 16:34:57,842][__main__][INFO] - Current learning rate: 0.001
[2021-06-07 16:34:57,843][__main__][INFO] - Epoch 10 - Avg_train_loss: 0.3150 time: 324s
[2021-06-07 16:34:57,843][__main__][INFO] - Epoch: 10 - Val_valence: 0.0922 - Val_arousal: 0.2842
[2021-06-07 16:40:21,767][__main__][INFO] - Current learning rate: 0.001
[2021-06-07 16:40:21,768][__main__][INFO] - Epoch 11 - Avg_train_loss: 0.3041 time: 324s
[2021-06-07 16:40:21,768][__main__][INFO] - Epoch: 11 - Val_valence: 0.0289 - Val_arousal: 0.2634
[2021-06-07 16:45:44,847][__main__][INFO] - Current learning rate: 0.001
[2021-06-07 16:45:44,848][__main__][INFO] - Epoch 12 - Avg_train_loss: 0.2927 time: 323s
[2021-06-07 16:45:44,848][__main__][INFO] - Epoch: 12 - Val_valence: 0.0593 - Val_arousal: 0.2347
[2021-06-07 16:45:44,848][__main__][INFO] - Stop the training, since the score has not improved for 10 epochs!
AFTER TRAINING: Best Epoch 1: Best Valence: 0.1148 - Best Arousal: 0.2931
