[2021-06-09 13:21:08,108][__main__][INFO] - Sequence length: 80
[2021-06-09 13:21:08,108][__main__][INFO] - Device: 1
[2021-06-09 13:21:08,108][__main__][INFO] - Batch size: 128
[2021-06-09 13:21:29,668][__main__][INFO] - Start training...
[2021-06-09 13:30:12,907][__main__][INFO] - Current learning rate: 0.001
[2021-06-09 13:30:12,908][__main__][INFO] - Epoch 1 - Avg_train_loss: 0.5627 time: 523s
[2021-06-09 13:30:12,908][__main__][INFO] - Epoch: 1 - Val_valence: 0.1056 - Val_arousal: 0.2462
[2021-06-09 13:38:53,200][__main__][INFO] - Current learning rate: 0.001
[2021-06-09 13:38:53,208][__main__][INFO] - Epoch 2 - Avg_train_loss: 0.4101 time: 520s
[2021-06-09 13:38:53,208][__main__][INFO] - Epoch: 2 - Val_valence: 0.1161 - Val_arousal: 0.2987
[2021-06-09 13:47:34,848][__main__][INFO] - Current learning rate: 0.001
[2021-06-09 13:47:34,849][__main__][INFO] - Epoch 3 - Avg_train_loss: 0.3574 time: 522s
[2021-06-09 13:47:34,849][__main__][INFO] - Epoch: 3 - Val_valence: 0.1143 - Val_arousal: 0.2664
[2021-06-09 13:56:34,748][__main__][INFO] - Current learning rate: 0.001
[2021-06-09 13:56:34,752][__main__][INFO] - Epoch 4 - Avg_train_loss: 0.3181 time: 540s
[2021-06-09 13:56:34,752][__main__][INFO] - Epoch: 4 - Val_valence: 0.0671 - Val_arousal: 0.2150
[2021-06-09 14:06:19,820][__main__][INFO] - Current learning rate: 0.001
[2021-06-09 14:06:19,820][__main__][INFO] - Epoch 5 - Avg_train_loss: 0.2976 time: 585s
[2021-06-09 14:06:19,820][__main__][INFO] - Epoch: 5 - Val_valence: 0.1048 - Val_arousal: 0.3176
[2021-06-09 14:15:03,012][__main__][INFO] - Current learning rate: 0.001
[2021-06-09 14:15:03,015][__main__][INFO] - Epoch 6 - Avg_train_loss: 0.2718 time: 523s
[2021-06-09 14:15:03,015][__main__][INFO] - Epoch: 6 - Val_valence: 0.0718 - Val_arousal: 0.2846
[2021-06-09 14:23:46,999][__main__][INFO] - Current learning rate: 0.001
[2021-06-09 14:23:47,000][__main__][INFO] - Epoch 7 - Avg_train_loss: 0.2804 time: 524s
[2021-06-09 14:23:47,000][__main__][INFO] - Epoch: 7 - Val_valence: 0.1156 - Val_arousal: 0.2341
[2021-06-09 14:32:30,846][__main__][INFO] - Current learning rate: 0.001
[2021-06-09 14:32:30,850][__main__][INFO] - Epoch 8 - Avg_train_loss: 0.2559 time: 524s
[2021-06-09 14:32:30,850][__main__][INFO] - Epoch: 8 - Val_valence: 0.1550 - Val_arousal: 0.3100
[2021-06-09 14:41:13,306][__main__][INFO] - Current learning rate: 0.001
[2021-06-09 14:41:13,307][__main__][INFO] - Epoch 9 - Avg_train_loss: 0.2502 time: 522s
[2021-06-09 14:41:13,308][__main__][INFO] - Epoch: 9 - Val_valence: 0.0600 - Val_arousal: 0.2978
[2021-06-09 14:50:38,218][__main__][INFO] - Current learning rate: 0.001
[2021-06-09 14:50:38,218][__main__][INFO] - Epoch 10 - Avg_train_loss: 0.2293 time: 565s
[2021-06-09 14:50:38,218][__main__][INFO] - Epoch: 10 - Val_valence: 0.1401 - Val_arousal: 0.2877
[2021-06-09 15:00:15,026][__main__][INFO] - Current learning rate: 0.001
[2021-06-09 15:00:15,027][__main__][INFO] - Epoch 11 - Avg_train_loss: 0.2230 time: 577s
[2021-06-09 15:00:15,027][__main__][INFO] - Epoch: 11 - Val_valence: 0.0917 - Val_arousal: 0.3194
[2021-06-09 15:08:57,347][__main__][INFO] - Current learning rate: 0.001
[2021-06-09 15:08:57,347][__main__][INFO] - Epoch 12 - Avg_train_loss: 0.2191 time: 522s
[2021-06-09 15:08:57,347][__main__][INFO] - Epoch: 12 - Val_valence: 0.0923 - Val_arousal: 0.2702
[2021-06-09 15:17:46,237][__main__][INFO] - Current learning rate: 0.001
[2021-06-09 15:17:46,237][__main__][INFO] - Epoch 13 - Avg_train_loss: 0.2055 time: 529s
[2021-06-09 15:17:46,237][__main__][INFO] - Epoch: 13 - Val_valence: 0.0782 - Val_arousal: 0.2681
[2021-06-09 15:26:29,342][__main__][INFO] - Current learning rate: 0.001
[2021-06-09 15:26:29,345][__main__][INFO] - Epoch 14 - Avg_train_loss: 0.1953 time: 523s
[2021-06-09 15:26:29,346][__main__][INFO] - Epoch: 14 - Val_valence: 0.1022 - Val_arousal: 0.2704
[2021-06-09 15:35:16,764][__main__][INFO] - Current learning rate: 0.001
[2021-06-09 15:35:16,765][__main__][INFO] - Epoch 15 - Avg_train_loss: 0.1929 time: 527s
[2021-06-09 15:35:16,765][__main__][INFO] - Epoch: 15 - Val_valence: 0.0468 - Val_arousal: 0.2834
