[2021-08-12 22:26:13,724][__main__][INFO] - Sequence length: 80
[2021-08-12 22:26:13,724][__main__][INFO] - Device: 0
[2021-08-12 22:26:13,724][__main__][INFO] - Batch size: 32
[2021-08-12 22:26:13,724][__main__][INFO] - Input size: 224
[2021-08-12 22:28:24,373][__main__][INFO] - Criterion is set to ccc
[2021-08-12 22:28:24,373][__main__][INFO] - Start training...
[2021-08-13 00:13:21,279][__main__][INFO] - Current learning rate: 0.0009000000000000001
[2021-08-13 00:13:21,282][__main__][INFO] - Epoch 1 - Avg_train_loss: 0.9524 time: 6297s
[2021-08-13 00:13:21,284][__main__][INFO] - Epoch: 1 - Val_valence: 0.0571 - Val_arousal: 0.0770
[2021-08-13 01:58:06,794][__main__][INFO] - Current learning rate: 0.000729
[2021-08-13 01:58:06,798][__main__][INFO] - Epoch 2 - Avg_train_loss: 0.7915 time: 6285s
[2021-08-13 01:58:06,798][__main__][INFO] - Epoch: 2 - Val_valence: 0.1410 - Val_arousal: 0.1596
[2021-08-13 03:42:47,081][__main__][INFO] - Current learning rate: 0.00059049
[2021-08-13 03:42:47,085][__main__][INFO] - Epoch 3 - Avg_train_loss: 0.6985 time: 6280s
[2021-08-13 03:42:47,085][__main__][INFO] - Epoch: 3 - Val_valence: 0.1687 - Val_arousal: 0.1562
[2021-08-13 05:27:31,016][__main__][INFO] - Current learning rate: 0.0004782969
[2021-08-13 05:27:31,020][__main__][INFO] - Epoch 4 - Avg_train_loss: 0.6543 time: 6283s
[2021-08-13 05:27:31,020][__main__][INFO] - Epoch: 4 - Val_valence: 0.1570 - Val_arousal: 0.1490
[2021-08-13 07:10:59,140][__main__][INFO] - Current learning rate: 0.000387420489
[2021-08-13 07:10:59,147][__main__][INFO] - Epoch 5 - Avg_train_loss: 0.6203 time: 6208s
[2021-08-13 07:10:59,147][__main__][INFO] - Epoch: 5 - Val_valence: 0.1670 - Val_arousal: 0.1684
[2021-08-13 08:54:14,981][__main__][INFO] - Current learning rate: 0.00031381059609000004
[2021-08-13 08:54:14,984][__main__][INFO] - Epoch 6 - Avg_train_loss: 0.5876 time: 6195s
[2021-08-13 08:54:14,984][__main__][INFO] - Epoch: 6 - Val_valence: 0.1765 - Val_arousal: 0.1465
[2021-08-13 10:38:04,194][__main__][INFO] - Current learning rate: 0.00025418658283290005
[2021-08-13 10:38:04,197][__main__][INFO] - Epoch 7 - Avg_train_loss: 0.5401 time: 6229s
[2021-08-13 10:38:04,197][__main__][INFO] - Epoch: 7 - Val_valence: 0.1760 - Val_arousal: 0.1728
[2021-08-13 12:21:54,636][__main__][INFO] - Current learning rate: 0.00020589113209464906
[2021-08-13 12:21:54,639][__main__][INFO] - Epoch 8 - Avg_train_loss: 0.5051 time: 6230s
[2021-08-13 12:21:54,639][__main__][INFO] - Epoch: 8 - Val_valence: 0.1744 - Val_arousal: 0.1738
[2021-08-13 14:05:45,778][__main__][INFO] - Current learning rate: 0.00016677181699666576
[2021-08-13 14:05:45,781][__main__][INFO] - Epoch 9 - Avg_train_loss: 0.4665 time: 6231s
[2021-08-13 14:05:45,782][__main__][INFO] - Epoch: 9 - Val_valence: 0.1221 - Val_arousal: 0.1649
[2021-08-13 15:49:26,739][__main__][INFO] - Current learning rate: 0.0001350851717672993
[2021-08-13 15:49:26,742][__main__][INFO] - Epoch 10 - Avg_train_loss: 0.4407 time: 6220s
[2021-08-13 15:49:26,742][__main__][INFO] - Epoch: 10 - Val_valence: 0.1759 - Val_arousal: 0.1961
[2021-08-13 17:32:59,291][__main__][INFO] - Current learning rate: 0.00010941898913151243
[2021-08-13 17:32:59,291][__main__][INFO] - Epoch 11 - Avg_train_loss: 0.4222 time: 6212s
[2021-08-13 17:32:59,291][__main__][INFO] - Epoch: 11 - Val_valence: 0.1730 - Val_arousal: 0.1963
[2021-08-13 19:16:39,765][__main__][INFO] - Current learning rate: 8.862938119652506e-05
[2021-08-13 19:16:39,772][__main__][INFO] - Epoch 12 - Avg_train_loss: 0.4077 time: 6220s
[2021-08-13 19:16:39,773][__main__][INFO] - Epoch: 12 - Val_valence: 0.1667 - Val_arousal: 0.2050
[2021-08-13 21:00:18,145][__main__][INFO] - Current learning rate: 7.17897987691853e-05
[2021-08-13 21:00:18,148][__main__][INFO] - Epoch 13 - Avg_train_loss: 0.3980 time: 6218s
[2021-08-13 21:00:18,148][__main__][INFO] - Epoch: 13 - Val_valence: 0.1643 - Val_arousal: 0.2017
[2021-08-13 22:44:02,819][__main__][INFO] - Current learning rate: 5.81497370030401e-05
[2021-08-13 22:44:02,824][__main__][INFO] - Epoch 14 - Avg_train_loss: 0.3889 time: 6224s
[2021-08-13 22:44:02,826][__main__][INFO] - Epoch: 14 - Val_valence: 0.1683 - Val_arousal: 0.1960
[2021-08-14 00:27:58,488][__main__][INFO] - Current learning rate: 4.7101286972462485e-05
[2021-08-14 00:27:58,491][__main__][INFO] - Epoch 15 - Avg_train_loss: 0.3824 time: 6235s
[2021-08-14 00:27:58,491][__main__][INFO] - Epoch: 15 - Val_valence: 0.1702 - Val_arousal: 0.1921
[2021-08-14 02:11:45,499][__main__][INFO] - Current learning rate: 3.8152042447694614e-05
[2021-08-14 02:11:45,502][__main__][INFO] - Epoch 16 - Avg_train_loss: 0.3735 time: 6226s
[2021-08-14 02:11:45,502][__main__][INFO] - Epoch: 16 - Val_valence: 0.1649 - Val_arousal: 0.1982
[2021-08-14 03:55:30,709][__main__][INFO] - Current learning rate: 3.090315438263264e-05
[2021-08-14 03:55:30,712][__main__][INFO] - Epoch 17 - Avg_train_loss: 0.3700 time: 6225s
[2021-08-14 03:55:30,712][__main__][INFO] - Epoch: 17 - Val_valence: 0.1693 - Val_arousal: 0.2025
[2021-08-14 05:39:17,415][__main__][INFO] - Current learning rate: 2.503155504993244e-05
[2021-08-14 05:39:17,416][__main__][INFO] - Epoch 18 - Avg_train_loss: 0.3643 time: 6226s
[2021-08-14 05:39:17,416][__main__][INFO] - Epoch: 18 - Val_valence: 0.1656 - Val_arousal: 0.1893
[2021-08-14 07:23:05,460][__main__][INFO] - Current learning rate: 2.0275559590445276e-05
[2021-08-14 07:23:05,462][__main__][INFO] - Epoch 19 - Avg_train_loss: 0.3612 time: 6227s
[2021-08-14 07:23:05,463][__main__][INFO] - Epoch: 19 - Val_valence: 0.1690 - Val_arousal: 0.2014
[2021-08-14 09:05:52,536][__main__][INFO] - Current learning rate: 1.6423203268260675e-05
[2021-08-14 09:05:52,536][__main__][INFO] - Epoch 20 - Avg_train_loss: 0.3599 time: 6166s
[2021-08-14 09:05:52,536][__main__][INFO] - Epoch: 20 - Val_valence: 0.1643 - Val_arousal: 0.1989
